#
# A fatal error has been detected by the Java Runtime Environment:
#
#  EXCEPTION_ACCESS_VIOLATION (0xc0000005) at pc=0x00000000041a0d71, pid=10848, tid=0x00000000000027ac
#
# JRE version: OpenJDK Runtime Environment (8.0_202-b03) (build 1.8.0_202-release-1483-b03)
# Java VM: OpenJDK 64-Bit Server VM (25.202-b03 mixed mode windows-amd64 compressed oops)
# Problematic frame:
# J 5975 C1 org.gradle.internal.component.model.ComponentAttributeMatcher.match(Lorg/gradle/internal/component/model/AttributeSelectionSchema;Ljava/util/Collection;Lorg/gradle/api/internal/attributes/AttributeContainerInternal;Lorg/gradle/api/attributes/HasAttributes;)Ljava/util/List; (313 bytes) @ 0x00000000041a0d71 [0x000000000419e9a0+0x23d1]
#
# Failed to write core dump. Minidumps are not enabled by default on client versions of Windows
#
# If you would like to submit a bug report, please visit:
#   http://bugreport.java.com/bugreport/crash.jsp
#

---------------  T H R E A D  ---------------

Current thread (0x0000000018db2000):  JavaThread "Daemon worker" [_thread_in_Java, id=10156, stack(0x000000001bf10000,0x000000001c010000)]

siginfo: ExceptionCode=0xc0000005, writing address 0x000000005988c7c8

Registers:
RAX=0x00000000a1403738, RBX=0x00000001005154b0, RCX=0x0000000080001041, RDX=0x00000000a1403738
RSP=0x000000001c00a1b0, RBP=0x000000001c00a400, RSI=0x00000000a1403738, RDI=0x0000000022ae9f80
R8 =0x00000000e4636198, R9 =0x00000001000d0c18, R10=0x00000001000d5220, R11=0x00000000041517e0
R12=0x0000000000000000, R13=0x00000000041a0b2c, R14=0x000000001c00a1a8, R15=0x0000000018db2000
RIP=0x00000000041a0d71, EFLAGS=0x0000000000010202

Top of Stack: (sp=0x000000001c00a1b0)
0x000000001c00a1b0:   000000001e847f90 00000000685e9ee7
0x000000001c00a1c0:   0000000019dee250 000000001c00a4d0
0x000000001c00a1d0:   00000001004346a0 000000006845eb56
0x000000001c00a1e0:   0000000018db2000 00000000685d0a95
0x000000001c00a1f0:   000000001e847f90 0000000018db2000
0x000000001c00a200:   0000000000000000 00000001004346a0
0x000000001c00a210:   00000001004346a0 0000000003045f5e
0x000000001c00a220:   0000000018db2000 000000001c00a4d0
0x000000001c00a230:   000000001e6f80a0 000000000300809d
0x000000001c00a240:   000000000020027f 000000001c00a278
0x000000001c00a250:   0000000000000080 0002ffff00001fa0
0x000000001c00a260:   0000000000000000 0000000000000000
0x000000001c00a270:   0000000000000000 0000000000000000
0x000000001c00a280:   0000000000000000 0000000000000000
0x000000001c00a290:   0000000000000000 0000000000000000
0x000000001c00a2a0:   8000000000000000 0000000000003fff 

Instructions: (pc=0x00000000041a0d71)
0x00000000041a0d51:   40 04 00 00 48 c7 87 48 04 00 00 01 00 00 00 e9
0x00000000041a0d61:   08 00 00 00 48 83 87 28 04 00 00 01 48 8b d6 90
0x00000000041a0d71:   80 90 90 90 48 b8 50 d8 ef 1c 00 00 00 00 e8 00
0x00000000041a0d81:   60 ea fe 48 83 f8 00 75 19 48 bf 80 9f ae 22 00 


Register to memory mapping:

RAX=0x00000000a1403738 is an oop
org.gradle.api.internal.artifacts.ivyservice.resolveengine.artifact.ArtifactBackedResolvedVariant 
 - klass: 'org/gradle/api/internal/artifacts/ivyservice/resolveengine/artifact/ArtifactBackedResolvedVariant'
RBX=0x00000001005154b0 is pointing into metadata
RCX=0x0000000080001041 is an unknown value
RDX=0x00000000a1403738 is an oop
org.gradle.api.internal.artifacts.ivyservice.resolveengine.artifact.ArtifactBackedResolvedVariant 
 - klass: 'org/gradle/api/internal/artifacts/ivyservice/resolveengine/artifact/ArtifactBackedResolvedVariant'
RSP=0x000000001c00a1b0 is pointing into the stack for thread: 0x0000000018db2000
RBP=0x000000001c00a400 is pointing into the stack for thread: 0x0000000018db2000
RSI=0x00000000a1403738 is an oop
org.gradle.api.internal.artifacts.ivyservice.resolveengine.artifact.ArtifactBackedResolvedVariant 
 - klass: 'org/gradle/api/internal/artifacts/ivyservice/resolveengine/artifact/ArtifactBackedResolvedVariant'
RDI=0x0000000022ae9f80 is pointing into metadata
R8 =0x00000000e4636198 is an oop
org.gradle.api.internal.attributes.DefaultAttributesSchema$MergedSchema 
 - klass: 'org/gradle/api/internal/attributes/DefaultAttributesSchema$MergedSchema'
R9 =0x00000001000d0c18 is pointing into metadata
R10=0x00000001000d5220 is pointing into metadata
R11=0x00000000041517e0 is at entry_point+32 in (nmethod*)0x0000000004151650
R12=0x0000000000000000 is an unknown value
R13=0x00000000041a0b2c is at entry_point+8588 in (nmethod*)0x000000000419e250
R14=0x000000001c00a1a8 is pointing into the stack for thread: 0x0000000018db2000
R15=0x0000000018db2000 is a thread


Stack: [0x000000001bf10000,0x000000001c010000],  sp=0x000000001c00a1b0,  free space=1000k
Native frames: (J=compiled Java code, j=interpreted, Vv=VM code, C=native code)
C  0x00000000041a0d71


---------------  P R O C E S S  ---------------

Java Threads: ( => current thread )
  0x000000001a647000 JavaThread "Memory manager" [_thread_blocked, id=14904, stack(0x0000000022820000,0x0000000022920000)]
  0x00000000185e8000 JavaThread "Cache worker for Build Output Cleanup Cache (D:\ANDROID\dirumahaja-master\.gradle\buildOutputCleanup)" [_thread_blocked, id=10828, stack(0x0000000020ab0000,0x0000000020bb0000)]
  0x00000000185e7000 JavaThread "Build operations Thread 4" [_thread_blocked, id=5780, stack(0x00000000203b0000,0x00000000204b0000)]
  0x00000000185ec800 JavaThread "Build operations Thread 3" [_thread_blocked, id=5096, stack(0x00000000202b0000,0x00000000203b0000)]
  0x00000000185ed000 JavaThread "Build operations Thread 2" [_thread_blocked, id=15336, stack(0x00000000201b0000,0x00000000202b0000)]
  0x00000000185e6800 JavaThread "Build operations" [_thread_blocked, id=14640, stack(0x00000000200b0000,0x00000000201b0000)]
  0x00000000192dc000 JavaThread "Cache worker for execution history cache (C:\Users\Alivi Milova\.gradle\caches\5.4.1\executionHistory)" [_thread_blocked, id=15256, stack(0x000000001e5e0000,0x000000001e6e0000)]
  0x00000000192dd800 JavaThread "Cache worker for cache directory md-rule (C:\Users\Alivi Milova\.gradle\caches\5.4.1\md-rule)" [_thread_blocked, id=5644, stack(0x000000001e4e0000,0x000000001e5e0000)]
  0x00000000192da800 JavaThread "Cache worker for cache directory md-supplier (C:\Users\Alivi Milova\.gradle\caches\5.4.1\md-supplier)" [_thread_blocked, id=6680, stack(0x000000001e3e0000,0x000000001e4e0000)]
  0x00000000192e0000 JavaThread "Cache worker for file hash cache (D:\ANDROID\dirumahaja-master\.gradle\5.4.1\fileHashes)" [_thread_blocked, id=7044, stack(0x000000001dae0000,0x000000001dbe0000)]
  0x00000000192df800 JavaThread "Cache worker for journal cache (C:\Users\Alivi Milova\.gradle\caches\journal-1)" [_thread_blocked, id=9112, stack(0x000000001c710000,0x000000001c810000)]
  0x00000000192db800 JavaThread "File lock request listener" [_thread_in_native, id=12972, stack(0x000000001c410000,0x000000001c510000)]
  0x00000000192ef000 JavaThread "Cache worker for file hash cache (C:\Users\Alivi Milova\.gradle\caches\5.4.1\fileHashes)" [_thread_blocked, id=12348, stack(0x000000001c310000,0x000000001c410000)]
  0x000000001a0ce800 JavaThread "Thread-9" [_thread_blocked, id=9656, stack(0x000000001c210000,0x000000001c310000)]
  0x0000000019b74800 JavaThread "Stdin handler" [_thread_blocked, id=7720, stack(0x000000001c110000,0x000000001c210000)]
  0x0000000019b73800 JavaThread "Asynchronous log dispatcher for DefaultDaemonConnection: socket connection from /127.0.0.1:51366 to /127.0.0.1:51367" [_thread_blocked, id=5548, stack(0x000000001c010000,0x000000001c110000)]
=>0x0000000018db2000 JavaThread "Daemon worker" [_thread_in_Java, id=10156, stack(0x000000001bf10000,0x000000001c010000)]
  0x0000000018db1000 JavaThread "Cancel handler" [_thread_blocked, id=9312, stack(0x000000001be10000,0x000000001bf10000)]
  0x000000001a12e000 JavaThread "Handler for socket connection from /127.0.0.1:51366 to /127.0.0.1:51367" [_thread_in_native, id=11924, stack(0x000000001bb10000,0x000000001bc10000)]
  0x000000001a12c000 JavaThread "Daemon" [_thread_blocked, id=6048, stack(0x000000001ba10000,0x000000001bb10000)]
  0x0000000019ad0800 JavaThread "Daemon periodic checks" [_thread_blocked, id=3620, stack(0x000000001b910000,0x000000001ba10000)]
  0x0000000019eab000 JavaThread "Incoming local TCP Connector on port 51366" [_thread_in_native, id=4376, stack(0x000000001b6d0000,0x000000001b7d0000)]
  0x0000000019ed7800 JavaThread "Daemon health stats" [_thread_blocked, id=12968, stack(0x000000001b090000,0x000000001b190000)]
  0x0000000018318800 JavaThread "Service Thread" daemon [_thread_blocked, id=13984, stack(0x00000000186f0000,0x00000000187f0000)]
  0x0000000016978000 JavaThread "C1 CompilerThread2" daemon [_thread_blocked, id=5144, stack(0x00000000181f0000,0x00000000182f0000)]
  0x0000000016972800 JavaThread "C2 CompilerThread1" daemon [_thread_blocked, id=13032, stack(0x00000000180f0000,0x00000000181f0000)]
  0x000000001696b800 JavaThread "C2 CompilerThread0" daemon [_thread_blocked, id=10856, stack(0x0000000017ff0000,0x00000000180f0000)]
  0x000000001696a000 JavaThread "Attach Listener" daemon [_thread_blocked, id=14252, stack(0x0000000017ef0000,0x0000000017ff0000)]
  0x0000000016969000 JavaThread "Signal Dispatcher" daemon [_thread_blocked, id=8872, stack(0x0000000017df0000,0x0000000017ef0000)]
  0x0000000002ffb000 JavaThread "Finalizer" daemon [_thread_blocked, id=8032, stack(0x0000000017bf0000,0x0000000017cf0000)]
  0x0000000016959000 JavaThread "Reference Handler" daemon [_thread_blocked, id=13028, stack(0x0000000017af0000,0x0000000017bf0000)]
  0x0000000002d6e000 JavaThread "main" [_thread_blocked, id=6748, stack(0x0000000002d70000,0x0000000002e70000)]

Other Threads:
  0x0000000016937000 VMThread [stack: 0x00000000179f0000,0x0000000017af0000] [id=2660]
  0x0000000018331000 WatcherThread [stack: 0x00000000187f0000,0x00000000188f0000] [id=12964]

VM state:not at safepoint (normal execution)

VM Mutex/Monitor currently owned by a thread: None

heap address: 0x00000000a0000000, size: 1536 MB, Compressed Oops mode: 32-bit
Narrow klass base: 0x0000000000000000, Narrow klass shift: 3
Compressed class space size: 1073741824 Address: 0x0000000100000000

Heap:
 PSYoungGen      total 236032K, used 73936K [0x00000000e0000000, 0x00000000efb00000, 0x0000000100000000)
  eden space 220160K, 33% used [0x00000000e0000000,0x00000000e48340f8,0x00000000ed700000)
  from space 15872K, 0% used [0x00000000eeb80000,0x00000000eeb80000,0x00000000efb00000)
  to   space 18432K, 0% used [0x00000000ed700000,0x00000000ed700000,0x00000000ee900000)
 ParOldGen       total 78848K, used 34989K [0x00000000a0000000, 0x00000000a4d00000, 0x00000000e0000000)
  object space 78848K, 44% used [0x00000000a0000000,0x00000000a222b7a8,0x00000000a4d00000)
 Metaspace       used 60095K, capacity 62130K, committed 62424K, reserved 1103872K
  class space    used 8085K, capacity 8567K, committed 8664K, reserved 1048576K

Card table byte_map: [0x00000000123c0000,0x00000000126d0000] byte_map_base: 0x0000000011ec0000

Marking Bits: (ParMarkBitMap*) 0x0000000068ba9f30
 Begin Bits: [0x0000000012cd0000, 0x00000000144d0000)
 End Bits:   [0x00000000144d0000, 0x0000000015cd0000)

Polling page: 0x0000000001060000

CodeCache: size=245760Kb used=18777Kb max_used=18777Kb free=226982Kb
 bounds [0x0000000003000000, 0x0000000004270000, 0x0000000012000000]
 total_blobs=6415 nmethods=5611 adapters=718
 compilation: enabled

Compilation events (10 events):
Event: 52.003 Thread 0x0000000016978000 6256       3       org.gradle.api.internal.artifacts.ivyservice.ivyresolve.ErrorHandlingModuleComponentRepository$ErrorHandlingModuleComponentRepositoryAccess$$Lambda$15/807327001::<init> (26 bytes)
Event: 52.003 Thread 0x0000000016978000 nmethod 6256 0x00000000042662d0 code [0x0000000004266420, 0x0000000004266630]
Event: 52.003 Thread 0x0000000016978000 6260       1       org.gradle.api.internal.artifacts.result.DefaultComponentArtifactsResult::getId (5 bytes)
Event: 52.003 Thread 0x0000000016978000 nmethod 6260 0x0000000004266710 code [0x0000000004266860, 0x0000000004266970]
Event: 52.003 Thread 0x0000000016978000 6257       3       org.gradle.api.internal.artifacts.ivyservice.ivyresolve.ErrorHandlingModuleComponentRepository$ErrorHandlingModuleComponentRepositoryAccess$$Lambda$16/1904747949::get$Lambda (9 bytes)
Event: 52.004 Thread 0x0000000016978000 nmethod 6257 0x00000000042669d0 code [0x0000000004266b40, 0x0000000004266d90]
Event: 52.004 Thread 0x0000000016978000 6258       3       org.gradle.api.internal.artifacts.ivyservice.ivyresolve.ErrorHandlingModuleComponentRepository$ErrorHandlingModuleComponentRepositoryAccess$$Lambda$16/1904747949::<init> (10 bytes)
Event: 52.004 Thread 0x0000000016978000 nmethod 6258 0x0000000004266e90 code [0x0000000004266fe0, 0x00000000042671b0]
Event: 52.004 Thread 0x0000000016978000 6259       3       org.gradle.internal.resolve.result.DefaultBuildableArtifactResolveResult::getFailure (8 bytes)
Event: 52.005 Thread 0x0000000016978000 nmethod 6259 0x0000000004267250 code [0x00000000042673e0, 0x00000000042679e8]

GC Heap History (10 events):
Event: 20.738 GC heap before
{Heap before GC invocations=11 (full 1):
 PSYoungGen      total 126464K, used 43581K [0x00000000e0000000, 0x00000000ebd80000, 0x0000000100000000)
  eden space 117760K, 29% used [0x00000000e0000000,0x00000000e2212cb0,0x00000000e7300000)
  from space 8704K, 99% used [0x00000000e7300000,0x00000000e7b7cb28,0x00000000e7b80000)
  to   space 11776K, 0% used [0x00000000eb200000,0x00000000eb200000,0x00000000ebd80000)
 ParOldGen       total 30208K, used 12192K [0x00000000a0000000, 0x00000000a1d80000, 0x00000000e0000000)
  object space 30208K, 40% used [0x00000000a0000000,0x00000000a0be8310,0x00000000a1d80000)
 Metaspace       used 34602K, capacity 35330K, committed 35456K, reserved 1079296K
  class space    used 4731K, capacity 4925K, committed 4992K, reserved 1048576K
Event: 20.776 GC heap after
Heap after GC invocations=11 (full 1):
 PSYoungGen      total 181248K, used 9776K [0x00000000e0000000, 0x00000000ebe80000, 0x0000000100000000)
  eden space 169472K, 0% used [0x00000000e0000000,0x00000000e0000000,0x00000000ea580000)
  from space 11776K, 83% used [0x00000000eb200000,0x00000000ebb8c330,0x00000000ebd80000)
  to   space 12800K, 0% used [0x00000000ea580000,0x00000000ea580000,0x00000000eb200000)
 ParOldGen       total 30208K, used 12200K [0x00000000a0000000, 0x00000000a1d80000, 0x00000000e0000000)
  object space 30208K, 40% used [0x00000000a0000000,0x00000000a0bea310,0x00000000a1d80000)
 Metaspace       used 34602K, capacity 35330K, committed 35456K, reserved 1079296K
  class space    used 4731K, capacity 4925K, committed 4992K, reserved 1048576K
}
Event: 20.776 GC heap before
{Heap before GC invocations=12 (full 2):
 PSYoungGen      total 181248K, used 9776K [0x00000000e0000000, 0x00000000ebe80000, 0x0000000100000000)
  eden space 169472K, 0% used [0x00000000e0000000,0x00000000e0000000,0x00000000ea580000)
  from space 11776K, 83% used [0x00000000eb200000,0x00000000ebb8c330,0x00000000ebd80000)
  to   space 12800K, 0% used [0x00000000ea580000,0x00000000ea580000,0x00000000eb200000)
 ParOldGen       total 30208K, used 12200K [0x00000000a0000000, 0x00000000a1d80000, 0x00000000e0000000)
  object space 30208K, 40% used [0x00000000a0000000,0x00000000a0bea310,0x00000000a1d80000)
 Metaspace       used 34602K, capacity 35330K, committed 35456K, reserved 1079296K
  class space    used 4731K, capacity 4925K, committed 4992K, reserved 1048576K
Event: 20.979 GC heap after
Heap after GC invocations=12 (full 2):
 PSYoungGen      total 181248K, used 0K [0x00000000e0000000, 0x00000000ebe80000, 0x0000000100000000)
  eden space 169472K, 0% used [0x00000000e0000000,0x00000000e0000000,0x00000000ea580000)
  from space 11776K, 0% used [0x00000000eb200000,0x00000000eb200000,0x00000000ebd80000)
  to   space 12800K, 0% used [0x00000000ea580000,0x00000000ea580000,0x00000000eb200000)
 ParOldGen       total 48640K, used 16885K [0x00000000a0000000, 0x00000000a2f80000, 0x00000000e0000000)
  object space 48640K, 34% used [0x00000000a0000000,0x00000000a107d418,0x00000000a2f80000)
 Metaspace       used 34599K, capacity 35324K, committed 35456K, reserved 1079296K
  class space    used 4729K, capacity 4923K, committed 4992K, reserved 1048576K
}
Event: 37.241 GC heap before
{Heap before GC invocations=13 (full 2):
 PSYoungGen      total 181248K, used 169472K [0x00000000e0000000, 0x00000000ebe80000, 0x0000000100000000)
  eden space 169472K, 100% used [0x00000000e0000000,0x00000000ea580000,0x00000000ea580000)
  from space 11776K, 0% used [0x00000000eb200000,0x00000000eb200000,0x00000000ebd80000)
  to   space 12800K, 0% used [0x00000000ea580000,0x00000000ea580000,0x00000000eb200000)
 ParOldGen       total 48640K, used 16885K [0x00000000a0000000, 0x00000000a2f80000, 0x00000000e0000000)
  object space 48640K, 34% used [0x00000000a0000000,0x00000000a107d418,0x00000000a2f80000)
 Metaspace       used 48550K, capacity 49884K, committed 50048K, reserved 1093632K
  class space    used 6430K, capacity 6741K, committed 6784K, reserved 1048576K
Event: 37.289 GC heap after
Heap after GC invocations=13 (full 2):
 PSYoungGen      total 182272K, used 12798K [0x00000000e0000000, 0x00000000efc80000, 0x0000000100000000)
  eden space 169472K, 0% used [0x00000000e0000000,0x00000000e0000000,0x00000000ea580000)
  from space 12800K, 99% used [0x00000000ea580000,0x00000000eb1ffa78,0x00000000eb200000)
  to   space 17408K, 0% used [0x00000000eeb80000,0x00000000eeb80000,0x00000000efc80000)
 ParOldGen       total 48640K, used 23792K [0x00000000a0000000, 0x00000000a2f80000, 0x00000000e0000000)
  object space 48640K, 48% used [0x00000000a0000000,0x00000000a173c250,0x00000000a2f80000)
 Metaspace       used 48550K, capacity 49884K, committed 50048K, reserved 1093632K
  class space    used 6430K, capacity 6741K, committed 6784K, reserved 1048576K
}
Event: 44.776 GC heap before
{Heap before GC invocations=14 (full 2):
 PSYoungGen      total 182272K, used 124653K [0x00000000e0000000, 0x00000000efc80000, 0x0000000100000000)
  eden space 169472K, 66% used [0x00000000e0000000,0x00000000e6d3bd38,0x00000000ea580000)
  from space 12800K, 99% used [0x00000000ea580000,0x00000000eb1ffa78,0x00000000eb200000)
  to   space 17408K, 0% used [0x00000000eeb80000,0x00000000eeb80000,0x00000000efc80000)
 ParOldGen       total 48640K, used 23792K [0x00000000a0000000, 0x00000000a2f80000, 0x00000000e0000000)
  object space 48640K, 48% used [0x00000000a0000000,0x00000000a173c250,0x00000000a2f80000)
 Metaspace       used 57073K, capacity 58996K, committed 59096K, reserved 1099776K
  class space    used 7646K, capacity 8071K, committed 8152K, reserved 1048576K
Event: 44.846 GC heap after
Heap after GC invocations=14 (full 2):
 PSYoungGen      total 236032K, used 12563K [0x00000000e0000000, 0x00000000efb00000, 0x0000000100000000)
  eden space 220160K, 0% used [0x00000000e0000000,0x00000000e0000000,0x00000000ed700000)
  from space 15872K, 79% used [0x00000000eeb80000,0x00000000ef7c4f58,0x00000000efb00000)
  to   space 18432K, 0% used [0x00000000ed700000,0x00000000ed700000,0x00000000ee900000)
 ParOldGen       total 48640K, used 32406K [0x00000000a0000000, 0x00000000a2f80000, 0x00000000e0000000)
  object space 48640K, 66% used [0x00000000a0000000,0x00000000a1fa5bb8,0x00000000a2f80000)
 Metaspace       used 57073K, capacity 58996K, committed 59096K, reserved 1099776K
  class space    used 7646K, capacity 8071K, committed 8152K, reserved 1048576K
}
Event: 44.846 GC heap before
{Heap before GC invocations=15 (full 3):
 PSYoungGen      total 236032K, used 12563K [0x00000000e0000000, 0x00000000efb00000, 0x0000000100000000)
  eden space 220160K, 0% used [0x00000000e0000000,0x00000000e0000000,0x00000000ed700000)
  from space 15872K, 79% used [0x00000000eeb80000,0x00000000ef7c4f58,0x00000000efb00000)
  to   space 18432K, 0% used [0x00000000ed700000,0x00000000ed700000,0x00000000ee900000)
 ParOldGen       total 48640K, used 32406K [0x00000000a0000000, 0x00000000a2f80000, 0x00000000e0000000)
  object space 48640K, 66% used [0x00000000a0000000,0x00000000a1fa5bb8,0x00000000a2f80000)
 Metaspace       used 57073K, capacity 58996K, committed 59096K, reserved 1099776K
  class space    used 7646K, capacity 8071K, committed 8152K, reserved 1048576K
Event: 45.500 GC heap after
Heap after GC invocations=15 (full 3):
 PSYoungGen      total 236032K, used 0K [0x00000000e0000000, 0x00000000efb00000, 0x0000000100000000)
  eden space 220160K, 0% used [0x00000000e0000000,0x00000000e0000000,0x00000000ed700000)
  from space 15872K, 0% used [0x00000000eeb80000,0x00000000eeb80000,0x00000000efb00000)
  to   space 18432K, 0% used [0x00000000ed700000,0x00000000ed700000,0x00000000ee900000)
 ParOldGen       total 78848K, used 34989K [0x00000000a0000000, 0x00000000a4d00000, 0x00000000e0000000)
  object space 78848K, 44% used [0x00000000a0000000,0x00000000a222b7a8,0x00000000a4d00000)
 Metaspace       used 57007K, capacity 58842K, committed 59096K, reserved 1099776K
  class space    used 7626K, capacity 8046K, committed 8152K, reserved 1048576K
}

Deoptimization events (10 events):
Event: 48.847 Thread 0x0000000018db2000 Uncommon trap: reason=unstable_if action=reinterpret pc=0x000000000329cdc8 method=org.objectweb.asm.Type.getArgumentsAndReturnSizes(Ljava/lang/String;)I @ 109
Event: 48.847 Thread 0x0000000018db2000 Uncommon trap: reason=unstable_if action=reinterpret pc=0x0000000003ad47f4 method=org.objectweb.asm.Type.getArgumentsAndReturnSizes(Ljava/lang/String;)I @ 109
Event: 48.929 Thread 0x0000000018db2000 Uncommon trap: reason=unstable_if action=reinterpret pc=0x0000000003e819b8 method=java.util.TreeMap.put(Ljava/lang/Object;Ljava/lang/Object;)Ljava/lang/Object; @ 163
Event: 48.959 Thread 0x0000000018db2000 Uncommon trap: reason=unstable_if action=reinterpret pc=0x0000000004127930 method=org.gradle.api.internal.project.taskfactory.DefaultTaskClassInfoStore.createTaskAction(Ljava/lang/Class;Ljava/lang/reflect/Method;Ljava/util/Map;)Lorg/gradle/api/internal/pr
Event: 49.554 Thread 0x0000000018db2000 Uncommon trap: reason=unstable_if action=reinterpret pc=0x0000000003abbac0 method=groovy.lang.MetaClassImpl.checkIfStdMethod(Lgroovy/lang/MetaMethod;)V @ 55
Event: 51.108 Thread 0x0000000018db2000 Uncommon trap: reason=unstable_if action=reinterpret pc=0x0000000003f1d328 method=java.util.concurrent.ConcurrentHashMap.get(Ljava/lang/Object;)Ljava/lang/Object; @ 152
Event: 51.708 Thread 0x0000000018db2000 Uncommon trap: reason=unstable_if action=reinterpret pc=0x0000000004201964 method=com.esotericsoftware.kryo.io.Input.readString()Ljava/lang/String; @ 28
Event: 51.716 Thread 0x0000000018db2000 Uncommon trap: reason=unstable_if action=reinterpret pc=0x000000000423c578 method=com.esotericsoftware.kryo.io.Input.readVarInt(Z)I @ 42
Event: 51.908 Thread 0x0000000018db2000 Uncommon trap: reason=class_check action=maybe_recompile pc=0x0000000003d44e80 method=java.lang.Throwable.<init>(Ljava/lang/String;Ljava/lang/Throwable;)V @ 24
Event: 51.909 Thread 0x0000000018db2000 Uncommon trap: reason=class_check action=maybe_recompile pc=0x0000000003d44e80 method=java.lang.Throwable.<init>(Ljava/lang/String;Ljava/lang/Throwable;)V @ 24

Classes redefined (0 events):
No events

Internal exceptions (10 events):
Event: 49.540 Thread 0x0000000018db2000 Exception <a 'java/lang/ClassNotFoundException': org/codehaus/groovy/runtime/GStringImplBeanInfo> (0x00000000e2c76318) thrown at [D:\src\AOSP-openjdk-cygwin\jdk8u\hotspot\src\share\vm\classfile\systemDictionary.cpp, line 210]
Event: 49.541 Thread 0x0000000018db2000 Exception <a 'java/security/PrivilegedActionException'> (0x00000000e2c80078) thrown at [D:\src\AOSP-openjdk-cygwin\jdk8u\hotspot\src\share\vm\prims\jvm.cpp, line 1508]
Event: 49.541 Thread 0x0000000018db2000 Exception <a 'java/security/PrivilegedActionException'> (0x00000000e2c80c10) thrown at [D:\src\AOSP-openjdk-cygwin\jdk8u\hotspot\src\share\vm\prims\jvm.cpp, line 1508]
Event: 49.542 Thread 0x0000000018db2000 Exception <a 'java/security/PrivilegedActionException'> (0x00000000e2c8e550) thrown at [D:\src\AOSP-openjdk-cygwin\jdk8u\hotspot\src\share\vm\prims\jvm.cpp, line 1508]
Event: 49.542 Thread 0x0000000018db2000 Exception <a 'java/security/PrivilegedActionException'> (0x00000000e2c8f0e8) thrown at [D:\src\AOSP-openjdk-cygwin\jdk8u\hotspot\src\share\vm\prims\jvm.cpp, line 1508]
Event: 49.542 Thread 0x0000000018db2000 Exception <a 'java/lang/ClassNotFoundException': org/codehaus/groovy/runtime/GStringImplCustomizer> (0x00000000e2c93c08) thrown at [D:\src\AOSP-openjdk-cygwin\jdk8u\hotspot\src\share\vm\classfile\systemDictionary.cpp, line 210]
Event: 49.555 Thread 0x0000000018db2000 Exception <a 'java/lang/ClassNotFoundException': org/gradle/api/internal/plugins/DefaultConventionBeanInfo> (0x00000000e2ce95c0) thrown at [D:\src\AOSP-openjdk-cygwin\jdk8u\hotspot\src\share\vm\classfile\systemDictionary.cpp, line 210]
Event: 49.556 Thread 0x0000000018db2000 Exception <a 'java/lang/ClassNotFoundException': org/gradle/internal/extensibility/DefaultConventionBeanInfo> (0x00000000e2d01738) thrown at [D:\src\AOSP-openjdk-cygwin\jdk8u\hotspot\src\share\vm\classfile\systemDictionary.cpp, line 210]
Event: 49.557 Thread 0x0000000018db2000 Exception <a 'java/lang/ClassNotFoundException': org/gradle/internal/extensibility/DefaultConventionCustomizer> (0x00000000e2d19d40) thrown at [D:\src\AOSP-openjdk-cygwin\jdk8u\hotspot\src\share\vm\classfile\systemDictionary.cpp, line 210]
Event: 49.568 Thread 0x0000000018db2000 Exception <a 'java/lang/ClassNotFoundException': org/gradle/api/internal/plugins/DefaultConventionCustomizer> (0x00000000e3011c90) thrown at [D:\src\AOSP-openjdk-cygwin\jdk8u\hotspot\src\share\vm\classfile\systemDictionary.cpp, line 210]

Events (10 events):
Event: 51.968 loading class kotlin/ranges/RangesKt
Event: 51.968 loading class kotlin/ranges/RangesKt done
Event: 51.968 loading class com/android/java/model/impl/ArtifactModelImpl
Event: 51.968 loading class com/android/java/model/impl/ArtifactModelImpl done
Event: 51.969 loading class com/android/java/model/impl/ArtifactModelImpl$Companion
Event: 51.969 loading class com/android/java/model/impl/ArtifactModelImpl$Companion done
Event: 51.974 loading class org/codehaus/groovy/runtime/dgm$54
Event: 51.974 loading class org/codehaus/groovy/runtime/dgm$54 done
Event: 51.984 Executing VM operation: Deoptimize
Event: 51.985 Executing VM operation: Deoptimize done


Dynamic libraries:
0x00007ff767b80000 - 0x00007ff767bb1000 	C:\Program Files\Android\Android Studio\jre\bin\java.exe
0x00007ff9b7300000 - 0x00007ff9b74ed000 	C:\Windows\SYSTEM32\ntdll.dll
0x00007ff9b6810000 - 0x00007ff9b68c3000 	C:\Windows\System32\KERNEL32.DLL
0x00007ff9b3440000 - 0x00007ff9b36d5000 	C:\Windows\System32\KERNELBASE.dll
0x00007ff9b6e60000 - 0x00007ff9b6f03000 	C:\Windows\System32\ADVAPI32.dll
0x00007ff9b6950000 - 0x00007ff9b69ee000 	C:\Windows\System32\msvcrt.dll
0x00007ff9b6a70000 - 0x00007ff9b6b0e000 	C:\Windows\System32\sechost.dll
0x00007ff9b6b10000 - 0x00007ff9b6c32000 	C:\Windows\System32\RPCRT4.dll
0x00007ff9b6600000 - 0x00007ff9b6797000 	C:\Windows\System32\USER32.dll
0x00007ff9b3db0000 - 0x00007ff9b3dd0000 	C:\Windows\System32\win32u.dll
0x00007ff9b4520000 - 0x00007ff9b4549000 	C:\Windows\System32\GDI32.dll
0x00007ff9b3c10000 - 0x00007ff9b3da9000 	C:\Windows\System32\gdi32full.dll
0x00007ff9b3b70000 - 0x00007ff9b3c10000 	C:\Windows\System32\msvcp_win.dll
0x00007ff9b36e0000 - 0x00007ff9b37da000 	C:\Windows\System32\ucrtbase.dll
0x00007ff9a2f70000 - 0x00007ff9a31e9000 	C:\Windows\WinSxS\amd64_microsoft.windows.common-controls_6595b64144ccf1df_6.0.17763.1158_none_de722d88534a897f\COMCTL32.dll
0x00007ff9b49f0000 - 0x00007ff9b4d1c000 	C:\Windows\System32\combase.dll
0x00007ff9b33c0000 - 0x00007ff9b343e000 	C:\Windows\System32\bcryptPrimitives.dll
0x00007ff9b4d20000 - 0x00007ff9b4d4e000 	C:\Windows\System32\IMM32.DLL
0x0000000068180000 - 0x0000000068252000 	C:\Program Files\Android\Android Studio\jre\jre\bin\msvcr100.dll
0x00000000683e0000 - 0x0000000068c26000 	C:\Program Files\Android\Android Studio\jre\jre\bin\server\jvm.dll
0x00007ff9b49d0000 - 0x00007ff9b49d8000 	C:\Windows\System32\PSAPI.DLL
0x00007ff9ad5e0000 - 0x00007ff9ad5ea000 	C:\Windows\SYSTEM32\VERSION.dll
0x00007ff9b04e0000 - 0x00007ff9b0504000 	C:\Windows\SYSTEM32\WINMM.dll
0x00007ff9b04b0000 - 0x00007ff9b04dd000 	C:\Windows\SYSTEM32\WINMMBASE.dll
0x00007ff9aee40000 - 0x00007ff9aee49000 	C:\Windows\SYSTEM32\WSOCK32.dll
0x00007ff9b67a0000 - 0x00007ff9b680d000 	C:\Windows\System32\WS2_32.dll
0x00007ff9b3ac0000 - 0x00007ff9b3b0a000 	C:\Windows\System32\cfgmgr32.dll
0x00007ff9ad7d0000 - 0x00007ff9ad7df000 	C:\Program Files\Android\Android Studio\jre\jre\bin\verify.dll
0x00007ff9ac160000 - 0x00007ff9ac189000 	C:\Program Files\Android\Android Studio\jre\jre\bin\java.dll
0x00007ff9abd60000 - 0x00007ff9abd76000 	C:\Program Files\Android\Android Studio\jre\jre\bin\zip.dll
0x00007ff9b5100000 - 0x00007ff9b65f4000 	C:\Windows\System32\SHELL32.dll
0x00007ff9b6c50000 - 0x00007ff9b6cf8000 	C:\Windows\System32\shcore.dll
0x00007ff9b3dd0000 - 0x00007ff9b451d000 	C:\Windows\System32\windows.storage.dll
0x00007ff9b3330000 - 0x00007ff9b3354000 	C:\Windows\System32\profapi.dll
0x00007ff9b3360000 - 0x00007ff9b33bd000 	C:\Windows\System32\powrprof.dll
0x00007ff9b6f10000 - 0x00007ff9b6f62000 	C:\Windows\System32\shlwapi.dll
0x00007ff9b3310000 - 0x00007ff9b3321000 	C:\Windows\System32\kernel.appcore.dll
0x00007ff9b38c0000 - 0x00007ff9b38d7000 	C:\Windows\System32\cryptsp.dll
0x00007ff9aa6a0000 - 0x00007ff9aa6ba000 	C:\Program Files\Android\Android Studio\jre\jre\bin\net.dll
0x00007ff9b2b60000 - 0x00007ff9b2bc7000 	C:\Windows\system32\mswsock.dll
0x00007ff9aa680000 - 0x00007ff9aa691000 	C:\Program Files\Android\Android Studio\jre\jre\bin\nio.dll
0x00007ff9a15b0000 - 0x00007ff9a15d6000 	C:\Users\Alivi Milova\.gradle\native\29\windows-amd64\native-platform.dll
0x00007ff9ad6f0000 - 0x00007ff9ad6fd000 	C:\Program Files\Android\Android Studio\jre\jre\bin\management.dll
0x00007ff9b26e0000 - 0x00007ff9b2713000 	C:\Windows\system32\rsaenh.dll
0x00007ff9b3890000 - 0x00007ff9b38b6000 	C:\Windows\System32\bcrypt.dll
0x00007ff9b31f0000 - 0x00007ff9b3218000 	C:\Windows\SYSTEM32\USERENV.dll
0x00007ff9b2d30000 - 0x00007ff9b2d3c000 	C:\Windows\SYSTEM32\CRYPTBASE.dll
0x00007ff9b2880000 - 0x00007ff9b28bd000 	C:\Windows\SYSTEM32\IPHLPAPI.DLL
0x00007ff9b6c40000 - 0x00007ff9b6c48000 	C:\Windows\System32\NSI.dll
0x00007ff9aafe0000 - 0x00007ff9aaff6000 	C:\Windows\SYSTEM32\dhcpcsvc6.DLL
0x00007ff9aafc0000 - 0x00007ff9aafdc000 	C:\Windows\SYSTEM32\dhcpcsvc.DLL
0x00007ff9b28c0000 - 0x00007ff9b2987000 	C:\Windows\SYSTEM32\DNSAPI.dll
0x00007ff9a49f0000 - 0x00007ff9a4bdd000 	C:\Windows\SYSTEM32\dbghelp.dll

VM Arguments:
jvm_args: -Xmx1536m -Dfile.encoding=windows-1252 -Duser.country=ID -Duser.language=en -Duser.variant 
java_command: org.gradle.launcher.daemon.bootstrap.GradleDaemon 5.4.1
java_class_path (initial): C:\Users\Alivi Milova\.gradle\wrapper\dists\gradle-5.4.1-all\3221gyojl5jsh0helicew7rwx\gradle-5.4.1\lib\gradle-launcher-5.4.1.jar
Launcher Type: SUN_STANDARD

Environment Variables:
PATH=C:\ProgramData\Oracle\Java\javapath;C:\oraclexe\app\oracle\product\11.2.0\server\bin;C:\Program Files (x86)\Common Files\Intel\Shared Files\cpp\bin\Intel64;C:\Windows\system32;C:\Windows;C:\Windows\System32\Wbem;C:\Windows\System32\WindowsPowerShell\v1.0\;C:\Windows\System32\OpenSSH\;C:\Program Files (x86)\ATI Technologies\ATI.ACE\Core-Static;C:\TDM-GCC-64\bin;C:\Program Files\Git\cmd;C:\Program Files\PuTTY\;C:\Users\Alivi Milova\AppData\Local\Microsoft\WindowsApps;;C:\Users\Alivi Milova\AppData\Local\Programs\Microsoft VS Code\bin;C:\Users\Alivi Milova\AppData\Roaming\TinyTeX\bin\win32
USERNAME=Alivi Milova
OS=Windows_NT
PROCESSOR_IDENTIFIER=AMD64 Family 21 Model 19 Stepping 1, AuthenticAMD



---------------  S Y S T E M  ---------------

OS: Windows 10.0 , 64 bit Build 17763 (10.0.17763.1158)

CPU:total 4 (initial active 4) (4 cores per cpu, 1 threads per core) family 21 model 19 stepping 1, cmov, cx8, fxsr, mmx, sse, sse2, sse3, ssse3, sse4.1, sse4.2, popcnt, avx, aes, clmul, mmxext, 3dnowpref, lzcnt, sse4a, tsc, tscinvbit, tscinv, bmi1

Memory: 4k page, physical 3626424k(260832k free), swap 6318404k(1999544k free)

vm_info: OpenJDK 64-Bit Server VM (25.202-b03) for windows-amd64 JRE (1.8.0_202-release-1483-b03), built by "builder" with MS VC++ 10.0 (VS2010)

time: Sun Apr 26 14:26:43 2020
timezone: SE Asia Standard Time
elapsed time: 52 seconds (0d 0h 0m 52s)

